<?xml version="1.0" encoding="UTF-8"?>
<testng-results skipped="0" failed="0" ignored="0" total="1" passed="1">
  <reporter-output>
  </reporter-output>
  <suite name="Default suite" duration-ms="2137" started-at="2019-06-14T17:32:01Z" finished-at="2019-06-14T17:32:03Z">
    <groups>
    </groups>
    <test name="Default test" duration-ms="2137" started-at="2019-06-14T17:32:01Z" finished-at="2019-06-14T17:32:03Z">
      <class name="MYSQLConnect.Sqlconnect">
        <test-method status="PASS" signature="testdb()[pri:0, instance:MYSQLConnect.Sqlconnect@5034c75a]" name="testdb" duration-ms="2049" started-at="2019-06-14T17:32:01Z" finished-at="2019-06-14T17:32:03Z">
          <reporter-output>
          </reporter-output>
        </test-method> <!-- testdb -->
      </class> <!-- MYSQLConnect.Sqlconnect -->
    </test> <!-- Default test -->
  </suite> <!-- Default suite -->
</testng-results>
